<?xml version="1.0" encoding="UTF-8"?>
<testng-results ignored="0" total="1" passed="1" failed="0" skipped="0">
  <reporter-output>
  </reporter-output>
  <suite started-at="2024-05-28T15:50:20 IST" name="Default suite" finished-at="2024-05-28T15:50:22 IST" duration-ms="2006">
    <groups>
    </groups>
    <test started-at="2024-05-28T15:50:20 IST" name="Default test" finished-at="2024-05-28T15:50:22 IST" duration-ms="2006">
      <class name="com.org.testclass.PathAndParameter">
        <test-method signature="pathAndParameterTest()[pri:0, instance:com.org.testclass.PathAndParameter@46271dd6]" started-at="2024-05-28T15:50:20 IST" name="pathAndParameterTest" finished-at="2024-05-28T15:50:22 IST" duration-ms="1916" status="PASS">
          <reporter-output>
          </reporter-output>
        </test-method> <!-- pathAndParameterTest -->
      </class> <!-- com.org.testclass.PathAndParameter -->
    </test> <!-- Default test -->
  </suite> <!-- Default suite -->
</testng-results>
